<?xml version="1.0" encoding="UTF-8"?>
<testng-results ignored="0" total="1" passed="1" failed="0" skipped="0">
  <reporter-output>
  </reporter-output>
  <suite started-at="2021-10-29T16:50:20 IST" name="Default suite" finished-at="2021-10-29T16:50:32 IST" duration-ms="11917">
    <groups>
    </groups>
    <test started-at="2021-10-29T16:50:20 IST" name="Default test" finished-at="2021-10-29T16:50:32 IST" duration-ms="11917">
      <class name="java8features.Program2">
        <test-method signature="test()[pri:0, instance:java8features.Program2@23f7d05d]" started-at="2021-10-29T16:50:20 IST" name="test" finished-at="2021-10-29T16:50:32 IST" duration-ms="11882" status="PASS">
          <reporter-output>
          </reporter-output>
        </test-method> <!-- test -->
      </class> <!-- java8features.Program2 -->
    </test> <!-- Default test -->
  </suite> <!-- Default suite -->
</testng-results>
